# JRE version: OpenJDK Runtime Environment Temurin-21.0.10+7 (21.0.10+7) (build 21.0.10+7-LTS)
# Java VM: OpenJDK 64-Bit Server VM Temurin-21.0.10+7 (21.0.10+7-LTS, mixed mode, sharing, tiered, compressed oops, compressed class ptrs, parallel gc, windows-amd64)
GC Precious Log:
 CardTable entry size: 512
 CPUs: 4 total, 4 available
 Memory: 16227M
 Large Page Support: Disabled
 NUMA Support: Disabled
 Compressed Oops: Enabled (32-bit)
 Alignments: Space 512K, Generation 512K, Heap 2M
 Heap Min Capacity: 100M
 Heap Initial Capacity: 100M
 Heap Max Capacity: 2G
 Pre-touch: Disabled
 Parallel Workers: 4
Heap:
 PSYoungGen      total 20992K, used 4183K [0x00000000d5580000, 0x00000000d6d80000, 0x0000000100000000)
  eden space 17408K, 4% used [0x00000000d5580000,0x00000000d564dd08,0x00000000d6680000)
  from space 3584K, 93% used [0x00000000d6700000,0x00000000d6a48000,0x00000000d6a80000)
  to   space 3072K, 0% used [0x00000000d6a80000,0x00000000d6a80000,0x00000000d6d80000)
 ParOldGen       total 70656K, used 70585K [0x0000000080000000, 0x0000000084500000, 0x00000000d5580000)
  object space 70656K, 99% used [0x0000000080000000,0x00000000844ee418,0x0000000084500000)
 Metaspace       used 70274K, committed 71744K, reserved 1114112K
  class space    used 7443K, committed 8128K, reserved 1048576K
GC Heap History (20 events):
Event: 121.625 GC heap before
{Heap before GC invocations=57 (full 3):
 PSYoungGen      total 18944K, used 18112K [0x00000000d5580000, 0x00000000d6900000, 0x0000000100000000)
  eden space 17408K, 100% used [0x00000000d5580000,0x00000000d6680000,0x00000000d6680000)
  from space 1536K, 45% used [0x00000000d6680000,0x00000000d6730000,0x00000000d6800000)
  to   space 1024K, 0% used [0x00000000d6800000,0x00000000d6800000,0x00000000d6900000)
 ParOldGen       total 68608K, used 59349K [0x0000000080000000, 0x0000000084300000, 0x00000000d5580000)
  object space 68608K, 86% used [0x0000000080000000,0x00000000839f5438,0x0000000084300000)
 Metaspace       used 67504K, committed 68992K, reserved 1114112K
  class space    used 7256K, committed 7936K, reserved 1048576K
}
Event: 121.629 GC heap after
{Heap after GC invocations=57 (full 3):
 PSYoungGen      total 18432K, used 673K [0x00000000d5580000, 0x00000000d6900000, 0x0000000100000000)
  eden space 17408K, 0% used [0x00000000d5580000,0x00000000d5580000,0x00000000d6680000)
  from space 1024K, 65% used [0x00000000d6800000,0x00000000d68a8410,0x00000000d6900000)
  to   space 1024K, 0% used [0x00000000d6700000,0x00000000d6700000,0x00000000d6800000)
 ParOldGen       total 68608K, used 59977K [0x0000000080000000, 0x0000000084300000, 0x00000000d5580000)
  object space 68608K, 87% used [0x0000000080000000,0x0000000083a92748,0x0000000084300000)
 Metaspace       used 67504K, committed 68992K, reserved 1114112K
  class space    used 7256K, committed 7936K, reserved 1048576K
}
Event: 122.044 GC heap before
{Heap before GC invocations=58 (full 3):
 PSYoungGen      total 18432K, used 18081K [0x00000000d5580000, 0x00000000d6900000, 0x0000000100000000)
  eden space 17408K, 100% used [0x00000000d5580000,0x00000000d6680000,0x00000000d6680000)
  from space 1024K, 65% used [0x00000000d6800000,0x00000000d68a8410,0x00000000d6900000)
  to   space 1024K, 0% used [0x00000000d6700000,0x00000000d6700000,0x00000000d6800000)
 ParOldGen       total 68608K, used 59977K [0x0000000080000000, 0x0000000084300000, 0x00000000d5580000)
  object space 68608K, 87% used [0x0000000080000000,0x0000000083a92748,0x0000000084300000)
 Metaspace       used 67624K, committed 69120K, reserved 1114112K
  class space    used 7263K, committed 7936K, reserved 1048576K
}
Event: 122.061 GC heap after
{Heap after GC invocations=58 (full 3):
 PSYoungGen      total 18432K, used 736K [0x00000000d5580000, 0x00000000d6880000, 0x0000000100000000)
  eden space 17408K, 0% used [0x00000000d5580000,0x00000000d5580000,0x00000000d6680000)
  from space 1024K, 71% used [0x00000000d6700000,0x00000000d67b8028,0x00000000d6800000)
  to   space 512K, 0% used [0x00000000d6800000,0x00000000d6800000,0x00000000d6880000)
 ParOldGen       total 68608K, used 60587K [0x0000000080000000, 0x0000000084300000, 0x00000000d5580000)
  object space 68608K, 88% used [0x0000000080000000,0x0000000083b2af48,0x0000000084300000)
 Metaspace       used 67624K, committed 69120K, reserved 1114112K
  class space    used 7263K, committed 7936K, reserved 1048576K
}
Event: 122.256 GC heap before
{Heap before GC invocations=59 (full 3):
 PSYoungGen      total 18432K, used 18144K [0x00000000d5580000, 0x00000000d6880000, 0x0000000100000000)
  eden space 17408K, 100% used [0x00000000d5580000,0x00000000d6680000,0x00000000d6680000)
  from space 1024K, 71% used [0x00000000d6700000,0x00000000d67b8028,0x00000000d6800000)
  to   space 512K, 0% used [0x00000000d6800000,0x00000000d6800000,0x00000000d6880000)
 ParOldGen       total 68608K, used 60587K [0x0000000080000000, 0x0000000084300000, 0x00000000d5580000)
  object space 68608K, 88% used [0x0000000080000000,0x0000000083b2af48,0x0000000084300000)
 Metaspace       used 67811K, committed 69248K, reserved 1114112K
  class space    used 7283K, committed 7936K, reserved 1048576K
}
Event: 122.258 GC heap after
{Heap after GC invocations=59 (full 3):
 PSYoungGen      total 17920K, used 503K [0x00000000d5580000, 0x00000000d6980000, 0x0000000100000000)
  eden space 17408K, 0% used [0x00000000d5580000,0x00000000d5580000,0x00000000d6680000)
  from space 512K, 98% used [0x00000000d6800000,0x00000000d687dd78,0x00000000d6880000)
  to   space 1536K, 0% used [0x00000000d6680000,0x00000000d6680000,0x00000000d6800000)
 ParOldGen       total 68608K, used 61275K [0x0000000080000000, 0x0000000084300000, 0x00000000d5580000)
  object space 68608K, 89% used [0x0000000080000000,0x0000000083bd6f60,0x0000000084300000)
 Metaspace       used 67811K, committed 69248K, reserved 1114112K
  class space    used 7283K, committed 7936K, reserved 1048576K
}
Event: 122.549 GC heap before
{Heap before GC invocations=60 (full 3):
 PSYoungGen      total 17920K, used 17911K [0x00000000d5580000, 0x00000000d6980000, 0x0000000100000000)
  eden space 17408K, 100% used [0x00000000d5580000,0x00000000d6680000,0x00000000d6680000)
  from space 512K, 98% used [0x00000000d6800000,0x00000000d687dd78,0x00000000d6880000)
  to   space 1536K, 0% used [0x00000000d6680000,0x00000000d6680000,0x00000000d6800000)
 ParOldGen       total 68608K, used 61275K [0x0000000080000000, 0x0000000084300000, 0x00000000d5580000)
  object space 68608K, 89% used [0x0000000080000000,0x0000000083bd6f60,0x0000000084300000)
 Metaspace       used 67872K, committed 69312K, reserved 1114112K
  class space    used 7283K, committed 7936K, reserved 1048576K
}
Event: 122.552 GC heap after
{Heap after GC invocations=60 (full 3):
 PSYoungGen      total 18432K, used 726K [0x00000000d5580000, 0x00000000d6880000, 0x0000000100000000)
  eden space 17408K, 0% used [0x00000000d5580000,0x00000000d5580000,0x00000000d6680000)
  from space 1024K, 70% used [0x00000000d6680000,0x00000000d6735b28,0x00000000d6780000)
  to   space 1024K, 0% used [0x00000000d6780000,0x00000000d6780000,0x00000000d6880000)
 ParOldGen       total 68608K, used 61755K [0x0000000080000000, 0x0000000084300000, 0x00000000d5580000)
  object space 68608K, 90% used [0x0000000080000000,0x0000000083c4ecd8,0x0000000084300000)
 Metaspace       used 67872K, committed 69312K, reserved 1114112K
  class space    used 7283K, committed 7936K, reserved 1048576K
}
Event: 122.696 GC heap before
{Heap before GC invocations=61 (full 3):
 PSYoungGen      total 18432K, used 18134K [0x00000000d5580000, 0x00000000d6880000, 0x0000000100000000)
  eden space 17408K, 100% used [0x00000000d5580000,0x00000000d6680000,0x00000000d6680000)
  from space 1024K, 70% used [0x00000000d6680000,0x00000000d6735b28,0x00000000d6780000)
  to   space 1024K, 0% used [0x00000000d6780000,0x00000000d6780000,0x00000000d6880000)
 ParOldGen       total 68608K, used 61755K [0x0000000080000000, 0x0000000084300000, 0x00000000d5580000)
  object space 68608K, 90% used [0x0000000080000000,0x0000000083c4ecd8,0x0000000084300000)
 Metaspace       used 67976K, committed 69440K, reserved 1114112K
  class space    used 7284K, committed 7936K, reserved 1048576K
}
Event: 122.699 GC heap after
{Heap after GC invocations=61 (full 3):
 PSYoungGen      total 18432K, used 605K [0x00000000d5580000, 0x00000000d6880000, 0x0000000100000000)
  eden space 17408K, 0% used [0x00000000d5580000,0x00000000d5580000,0x00000000d6680000)
  from space 1024K, 59% used [0x00000000d6780000,0x00000000d68175c8,0x00000000d6880000)
  to   space 1024K, 0% used [0x00000000d6680000,0x00000000d6680000,0x00000000d6780000)
 ParOldGen       total 68608K, used 62403K [0x0000000080000000, 0x0000000084300000, 0x00000000d5580000)
  object space 68608K, 90% used [0x0000000080000000,0x0000000083cf0e38,0x0000000084300000)
 Metaspace       used 67976K, committed 69440K, reserved 1114112K
  class space    used 7284K, committed 7936K, reserved 1048576K
}
Event: 122.883 GC heap before
{Heap before GC invocations=62 (full 3):
 PSYoungGen      total 18432K, used 18013K [0x00000000d5580000, 0x00000000d6880000, 0x0000000100000000)
  eden space 17408K, 100% used [0x00000000d5580000,0x00000000d6680000,0x00000000d6680000)
  from space 1024K, 59% used [0x00000000d6780000,0x00000000d68175c8,0x00000000d6880000)
  to   space 1024K, 0% used [0x00000000d6680000,0x00000000d6680000,0x00000000d6780000)
 ParOldGen       total 68608K, used 62403K [0x0000000080000000, 0x0000000084300000, 0x00000000d5580000)
  object space 68608K, 90% used [0x0000000080000000,0x0000000083cf0e38,0x0000000084300000)
 Metaspace       used 68061K, committed 69504K, reserved 1114112K
  class space    used 7285K, committed 7936K, reserved 1048576K
}
Event: 122.885 GC heap after
{Heap after GC invocations=62 (full 3):
 PSYoungGen      total 18432K, used 1005K [0x00000000d5580000, 0x00000000d6980000, 0x0000000100000000)
  eden space 17408K, 0% used [0x00000000d5580000,0x00000000d5580000,0x00000000d6680000)
  from space 1024K, 98% used [0x00000000d6680000,0x00000000d677b540,0x00000000d6780000)
  to   space 1536K, 0% used [0x00000000d6800000,0x00000000d6800000,0x00000000d6980000)
 ParOldGen       total 68608K, used 62972K [0x0000000080000000, 0x0000000084300000, 0x00000000d5580000)
  object space 68608K, 91% used [0x0000000080000000,0x0000000083d7f1a8,0x0000000084300000)
 Metaspace       used 68061K, committed 69504K, reserved 1114112K
  class space    used 7285K, committed 7936K, reserved 1048576K
}
Event: 123.059 GC heap before
{Heap before GC invocations=63 (full 3):
 PSYoungGen      total 18432K, used 17906K [0x00000000d5580000, 0x00000000d6980000, 0x0000000100000000)
  eden space 17408K, 97% used [0x00000000d5580000,0x00000000d6601460,0x00000000d6680000)
  from space 1024K, 98% used [0x00000000d6680000,0x00000000d677b540,0x00000000d6780000)
  to   space 1536K, 0% used [0x00000000d6800000,0x00000000d6800000,0x00000000d6980000)
 ParOldGen       total 68608K, used 62972K [0x0000000080000000, 0x0000000084300000, 0x00000000d5580000)
  object space 68608K, 91% used [0x0000000080000000,0x0000000083d7f1a8,0x0000000084300000)
 Metaspace       used 68310K, committed 69760K, reserved 1114112K
  class space    used 7306K, committed 8000K, reserved 1048576K
}
Event: 123.062 GC heap after
{Heap after GC invocations=63 (full 3):
 PSYoungGen      total 18432K, used 736K [0x00000000d5580000, 0x00000000d6900000, 0x0000000100000000)
  eden space 17408K, 0% used [0x00000000d5580000,0x00000000d5580000,0x00000000d6680000)
  from space 1024K, 71% used [0x00000000d6800000,0x00000000d68b8020,0x00000000d6900000)
  to   space 1024K, 0% used [0x00000000d6680000,0x00000000d6680000,0x00000000d6780000)
 ParOldGen       total 68608K, used 63916K [0x0000000080000000, 0x0000000084300000, 0x00000000d5580000)
  object space 68608K, 93% used [0x0000000080000000,0x0000000083e6b150,0x0000000084300000)
 Metaspace       used 68310K, committed 69760K, reserved 1114112K
  class space    used 7306K, committed 8000K, reserved 1048576K
}
Event: 123.963 GC heap before
{Heap before GC invocations=64 (full 3):
 PSYoungGen      total 18432K, used 18144K [0x00000000d5580000, 0x00000000d6900000, 0x0000000100000000)
  eden space 17408K, 100% used [0x00000000d5580000,0x00000000d6680000,0x00000000d6680000)
  from space 1024K, 71% used [0x00000000d6800000,0x00000000d68b8020,0x00000000d6900000)
  to   space 1024K, 0% used [0x00000000d6680000,0x00000000d6680000,0x00000000d6780000)
 ParOldGen       total 68608K, used 63916K [0x0000000080000000, 0x0000000084300000, 0x00000000d5580000)
  object space 68608K, 93% used [0x0000000080000000,0x0000000083e6b150,0x0000000084300000)
 Metaspace       used 68993K, committed 70400K, reserved 1114112K
  class space    used 7389K, committed 8064K, reserved 1048576K
}
Event: 123.969 GC heap after
{Heap after GC invocations=64 (full 3):
 PSYoungGen      total 18432K, used 1006K [0x00000000d5580000, 0x00000000d6e80000, 0x0000000100000000)
  eden space 17408K, 0% used [0x00000000d5580000,0x00000000d5580000,0x00000000d6680000)
  from space 1024K, 98% used [0x00000000d6680000,0x00000000d677ba88,0x00000000d6780000)
  to   space 4096K, 0% used [0x00000000d6a80000,0x00000000d6a80000,0x00000000d6e80000)
 ParOldGen       total 68608K, used 66489K [0x0000000080000000, 0x0000000084300000, 0x00000000d5580000)
  object space 68608K, 96% used [0x0000000080000000,0x00000000840ee400,0x0000000084300000)
 Metaspace       used 68993K, committed 70400K, reserved 1114112K
  class space    used 7389K, committed 8064K, reserved 1048576K
}
Event: 125.544 GC heap before
{Heap before GC invocations=65 (full 3):
 PSYoungGen      total 18432K, used 18414K [0x00000000d5580000, 0x00000000d6e80000, 0x0000000100000000)
  eden space 17408K, 100% used [0x00000000d5580000,0x00000000d6680000,0x00000000d6680000)
  from space 1024K, 98% used [0x00000000d6680000,0x00000000d677ba88,0x00000000d6780000)
  to   space 4096K, 0% used [0x00000000d6a80000,0x00000000d6a80000,0x00000000d6e80000)
 ParOldGen       total 68608K, used 66489K [0x0000000080000000, 0x0000000084300000, 0x00000000d5580000)
  object space 68608K, 96% used [0x0000000080000000,0x00000000840ee400,0x0000000084300000)
 Metaspace       used 69788K, committed 71296K, reserved 1114112K
  class space    used 7421K, committed 8128K, reserved 1048576K
}
Event: 125.550 GC heap after
{Heap after GC invocations=65 (full 3):
 PSYoungGen      total 20992K, used 3312K [0x00000000d5580000, 0x00000000d6e00000, 0x0000000100000000)
  eden space 17408K, 0% used [0x00000000d5580000,0x00000000d5580000,0x00000000d6680000)
  from space 3584K, 92% used [0x00000000d6a80000,0x00000000d6dbc010,0x00000000d6e00000)
  to   space 3584K, 0% used [0x00000000d6700000,0x00000000d6700000,0x00000000d6a80000)
 ParOldGen       total 68608K, used 67496K [0x0000000080000000, 0x0000000084300000, 0x00000000d5580000)
  object space 68608K, 98% used [0x0000000080000000,0x00000000841ea150,0x0000000084300000)
 Metaspace       used 69788K, committed 71296K, reserved 1114112K
  class space    used 7421K, committed 8128K, reserved 1048576K
}
Event: 127.090 GC heap before
{Heap before GC invocations=66 (full 3):
 PSYoungGen      total 20992K, used 20720K [0x00000000d5580000, 0x00000000d6e00000, 0x0000000100000000)
  eden space 17408K, 100% used [0x00000000d5580000,0x00000000d6680000,0x00000000d6680000)
  from space 3584K, 92% used [0x00000000d6a80000,0x00000000d6dbc010,0x00000000d6e00000)
  to   space 3584K, 0% used [0x00000000d6700000,0x00000000d6700000,0x00000000d6a80000)
 ParOldGen       total 68608K, used 67496K [0x0000000080000000, 0x0000000084300000, 0x00000000d5580000)
  object space 68608K, 98% used [0x0000000080000000,0x00000000841ea150,0x0000000084300000)
 Metaspace       used 70260K, committed 71744K, reserved 1114112K
  class space    used 7441K, committed 8128K, reserved 1048576K
}
Event: 127.099 GC heap after
{Heap after GC invocations=66 (full 3):
 PSYoungGen      total 20992K, used 3360K [0x00000000d5580000, 0x00000000d6d80000, 0x0000000100000000)
  eden space 17408K, 0% used [0x00000000d5580000,0x00000000d5580000,0x00000000d6680000)
  from space 3584K, 93% used [0x00000000d6700000,0x00000000d6a48000,0x00000000d6a80000)
  to   space 3072K, 0% used [0x00000000d6a80000,0x00000000d6a80000,0x00000000d6d80000)
 ParOldGen       total 70656K, used 70585K [0x0000000080000000, 0x0000000084500000, 0x00000000d5580000)
  object space 70656K, 99% used [0x0000000080000000,0x00000000844ee418,0x0000000084500000)
 Metaspace       used 70260K, committed 71744K, reserved 1114112K
  class space    used 7441K, committed 8128K, reserved 1048576K
}

